Detecting compiler hash for triplet x64-windows...
Compiler found: C:/Program Files/Microsoft Visual Studio/18/Community/VC/Tools/MSVC/14.50.35717/bin/Hostx64/x64/cl.exe
The following packages will be built and installed:
  * egl-registry:x64-windows@2025-05-27
    glad[core,loader]:x64-windows@0.1.36
    glfw3:x64-windows@3.4#1
    glm:x64-windows@1.0.3
  * opengl-registry:x64-windows@2026-01-26
  * vcpkg-cmake:x64-windows@2024-04-23
  * vcpkg-cmake-config:x64-windows@2024-05-23
Additional packages (*) will be modified to complete this operation.
Restored 7 package(s) from C:\Users\WELCOME\AppData\Local\vcpkg\archives in 1.8 s. Use --debug to see more details.
Installing 1/7 vcpkg-cmake-config:x64-windows@2024-05-23...
vcpkg-cmake-config:x64-windows@2024-05-23 package ABI: e3f915b1dcd5563b3e2786dfc612cf50d9627751f0ef85b1a31b7741b5dcda2f
Elapsed time to handle vcpkg-cmake-config:x64-windows: 32.8 ms
Installing 2/7 vcpkg-cmake:x64-windows@2024-04-23...
vcpkg-cmake:x64-windows@2024-04-23 package ABI: 485e0f9085d825b65f4126bf727dc02106be0f855ef1401be036ba5a95551b6d
Elapsed time to handle vcpkg-cmake:x64-windows: 30.7 ms
Installing 3/7 egl-registry:x64-windows@2025-05-27...
egl-registry:x64-windows@2025-05-27 package ABI: 8d9b0216b9989db23f0354975e917f44a6e75db1dd257b634251621c3322c1ef
Elapsed time to handle egl-registry:x64-windows: 32.4 ms
Installing 4/7 opengl-registry:x64-windows@2026-01-26...
opengl-registry:x64-windows@2026-01-26 package ABI: 2d00387453de6702e1354aac5d02a6b230efa6f7497b7776482a0d6a8e828423
Elapsed time to handle opengl-registry:x64-windows: 63.6 ms
Installing 5/7 glad[core,loader]:x64-windows@0.1.36...
glad[core,loader]:x64-windows@0.1.36 package ABI: 60e09d8e860acede392d902dcc994808bbee8aa47ee2a39cf13a6c71e741a918
Elapsed time to handle glad:x64-windows: 48.2 ms
Installing 6/7 glfw3:x64-windows@3.4#1...
glfw3:x64-windows@3.4#1 package ABI: c665f20352568c023723d02c9e1e880a665f98e2af3b56cfab8b4a085d2ae3cd
Elapsed time to handle glfw3:x64-windows: 30.3 ms
Installing 7/7 glm:x64-windows@1.0.3...
glm:x64-windows@1.0.3 package ABI: 2133d68dbdb71ed2bb856ad28252e89b59df64025d3cfe8e7bf43be63dd64cf5
Elapsed time to handle glm:x64-windows: 722 ms
Installed contents are licensed to you by owners. Microsoft is not responsible for, nor does it grant any licenses to, third-party packages.
Some packages did not declare an SPDX license. Check the `copyright` file for each package for more information about their licensing.
Packages installed in this vcpkg installation declare the following licenses:
Apache-2.0
MIT
Zlib
glad provides CMake targets:

  # this is heuristically generated, and may not be correct
  find_package(glad CONFIG REQUIRED)
  target_link_libraries(main PRIVATE glad::glad)

glfw3 provides CMake targets:

  # this is heuristically generated, and may not be correct
  find_package(glfw3 CONFIG REQUIRED)
  target_link_libraries(main PRIVATE glfw)

glfw3 provides pkg-config modules:

  # A multi-platform library for OpenGL, window and input
  glfw3

The package glm provides CMake targets:

    find_package(glm CONFIG REQUIRED)
    target_link_libraries(main PRIVATE glm::glm)

    # Or use the header-only version
    find_package(glm CONFIG REQUIRED)
    target_link_libraries(main PRIVATE glm::glm-header-only)

All requested installations completed successfully in: 988 ms
